# JRE version: Java(TM) SE Runtime Environment (8.0_271-b09) (build 1.8.0_271-b09)
# Java VM: Java HotSpot(TM) 64-Bit Server VM (25.271-b09 mixed mode windows-amd64 compressed oops)
Heap:
 PSYoungGen      total 16896K, used 9434K [0x00000000edb00000, 0x00000000eed80000, 0x0000000100000000)
  eden space 14848K, 49% used [0x00000000edb00000,0x00000000ee23aaa8,0x00000000ee980000)
  from space 2048K, 99% used [0x00000000eeb80000,0x00000000eed7c040,0x00000000eed80000)
  to   space 2048K, 0% used [0x00000000ee980000,0x00000000ee980000,0x00000000eeb80000)
 ParOldGen       total 38400K, used 8335K [0x00000000c9000000, 0x00000000cb580000, 0x00000000edb00000)
  object space 38400K, 21% used [0x00000000c9000000,0x00000000c9823c98,0x00000000cb580000)
 Metaspace       used 18014K, capacity 18840K, committed 19072K, reserved 1067008K
  class space    used 2221K, capacity 2426K, committed 2432K, reserved 1048576K
GC Heap History (8 events):
Event: 7.446 GC heap before
{Heap before GC invocations=1 (full 0):
 PSYoungGen      total 16896K, used 14848K [0x00000000edb00000, 0x00000000eed80000, 0x0000000100000000)
  eden space 14848K, 100% used [0x00000000edb00000,0x00000000ee980000,0x00000000ee980000)
  from space 2048K, 0% used [0x00000000eeb80000,0x00000000eeb80000,0x00000000eed80000)
  to   space 2048K, 0% used [0x00000000ee980000,0x00000000ee980000,0x00000000eeb80000)
 ParOldGen       total 38400K, used 0K [0x00000000c9000000, 0x00000000cb580000, 0x00000000edb00000)
  object space 38400K, 0% used [0x00000000c9000000,0x00000000c9000000,0x00000000cb580000)
 Metaspace       used 9045K, capacity 9238K, committed 9344K, reserved 1056768K
  class space    used 1039K, capacity 1147K, committed 1152K, reserved 1048576K
Event: 7.467 GC heap after
Heap after GC invocations=1 (full 0):
 PSYoungGen      total 16896K, used 2038K [0x00000000edb00000, 0x00000000eed80000, 0x0000000100000000)
  eden space 14848K, 0% used [0x00000000edb00000,0x00000000edb00000,0x00000000ee980000)
  from space 2048K, 99% used [0x00000000ee980000,0x00000000eeb7db88,0x00000000eeb80000)
  to   space 2048K, 0% used [0x00000000eeb80000,0x00000000eeb80000,0x00000000eed80000)
 ParOldGen       total 38400K, used 1138K [0x00000000c9000000, 0x00000000cb580000, 0x00000000edb00000)
  object space 38400K, 2% used [0x00000000c9000000,0x00000000c911c968,0x00000000cb580000)
 Metaspace       used 9045K, capacity 9238K, committed 9344K, reserved 1056768K
  class space    used 1039K, capacity 1147K, committed 1152K, reserved 1048576K
}
Event: 9.519 GC heap before
{Heap before GC invocations=2 (full 0):
 PSYoungGen      total 16896K, used 16886K [0x00000000edb00000, 0x00000000eed80000, 0x0000000100000000)
  eden space 14848K, 100% used [0x00000000edb00000,0x00000000ee980000,0x00000000ee980000)
  from space 2048K, 99% used [0x00000000ee980000,0x00000000eeb7db88,0x00000000eeb80000)
  to   space 2048K, 0% used [0x00000000eeb80000,0x00000000eeb80000,0x00000000eed80000)
 ParOldGen       total 38400K, used 1138K [0x00000000c9000000, 0x00000000cb580000, 0x00000000edb00000)
  object space 38400K, 2% used [0x00000000c9000000,0x00000000c911c968,0x00000000cb580000)
 Metaspace       used 12917K, capacity 13306K, committed 13440K, reserved 1060864K
  class space    used 1513K, capacity 1617K, committed 1664K, reserved 1048576K
Event: 9.530 GC heap after
Heap after GC invocations=2 (full 0):
 PSYoungGen      total 16896K, used 2032K [0x00000000edb00000, 0x00000000eed80000, 0x0000000100000000)
  eden space 14848K, 0% used [0x00000000edb00000,0x00000000edb00000,0x00000000ee980000)
  from space 2048K, 99% used [0x00000000eeb80000,0x00000000eed7c020,0x00000000eed80000)
  to   space 2048K, 0% used [0x00000000ee980000,0x00000000ee980000,0x00000000eeb80000)
 ParOldGen       total 38400K, used 3541K [0x00000000c9000000, 0x00000000cb580000, 0x00000000edb00000)
  object space 38400K, 9% used [0x00000000c9000000,0x00000000c93755d0,0x00000000cb580000)
 Metaspace       used 12917K, capacity 13306K, committed 13440K, reserved 1060864K
  class space    used 1513K, capacity 1617K, committed 1664K, reserved 1048576K
}
Event: 11.792 GC heap before
{Heap before GC invocations=3 (full 0):
 PSYoungGen      total 16896K, used 16880K [0x00000000edb00000, 0x00000000eed80000, 0x0000000100000000)
  eden space 14848K, 100% used [0x00000000edb00000,0x00000000ee980000,0x00000000ee980000)
  from space 2048K, 99% used [0x00000000eeb80000,0x00000000eed7c020,0x00000000eed80000)
  to   space 2048K, 0% used [0x00000000ee980000,0x00000000ee980000,0x00000000eeb80000)
 ParOldGen       total 38400K, used 3541K [0x00000000c9000000, 0x00000000cb580000, 0x00000000edb00000)
  object space 38400K, 9% used [0x00000000c9000000,0x00000000c93755d0,0x00000000cb580000)
 Metaspace       used 14020K, capacity 14390K, committed 14592K, reserved 1062912K
  class space    used 1645K, capacity 1785K, committed 1792K, reserved 1048576K
Event: 11.802 GC heap after
Heap after GC invocations=3 (full 0):
 PSYoungGen      total 16896K, used 2016K [0x00000000edb00000, 0x00000000eed80000, 0x0000000100000000)
  eden space 14848K, 0% used [0x00000000edb00000,0x00000000edb00000,0x00000000ee980000)
  from space 2048K, 98% used [0x00000000ee980000,0x00000000eeb78020,0x00000000eeb80000)
  to   space 2048K, 0% used [0x00000000eeb80000,0x00000000eeb80000,0x00000000eed80000)
 ParOldGen       total 38400K, used 5824K [0x00000000c9000000, 0x00000000cb580000, 0x00000000edb00000)
  object space 38400K, 15% used [0x00000000c9000000,0x00000000c95b0348,0x00000000cb580000)
 Metaspace       used 14020K, capacity 14390K, committed 14592K, reserved 1062912K
  class space    used 1645K, capacity 1785K, committed 1792K, reserved 1048576K
}
Event: 15.186 GC heap before
{Heap before GC invocations=4 (full 0):
 PSYoungGen      total 16896K, used 16864K [0x00000000edb00000, 0x00000000eed80000, 0x0000000100000000)
  eden space 14848K, 100% used [0x00000000edb00000,0x00000000ee980000,0x00000000ee980000)
  from space 2048K, 98% used [0x00000000ee980000,0x00000000eeb78020,0x00000000eeb80000)
  to   space 2048K, 0% used [0x00000000eeb80000,0x00000000eeb80000,0x00000000eed80000)
 ParOldGen       total 38400K, used 5824K [0x00000000c9000000, 0x00000000cb580000, 0x00000000edb00000)
  object space 38400K, 15% used [0x00000000c9000000,0x00000000c95b0348,0x00000000cb580000)
 Metaspace       used 17086K, capacity 17802K, committed 17920K, reserved 1064960K
  class space    used 2095K, capacity 2301K, committed 2304K, reserved 1048576K
Event: 15.197 GC heap after
Heap after GC invocations=4 (full 0):
 PSYoungGen      total 16896K, used 2032K [0x00000000edb00000, 0x00000000eed80000, 0x0000000100000000)
  eden space 14848K, 0% used [0x00000000edb00000,0x00000000edb00000,0x00000000ee980000)
  from space 2048K, 99% used [0x00000000eeb80000,0x00000000eed7c040,0x00000000eed80000)
  to   space 2048K, 0% used [0x00000000ee980000,0x00000000ee980000,0x00000000eeb80000)
 ParOldGen       total 38400K, used 8335K [0x00000000c9000000, 0x00000000cb580000, 0x00000000edb00000)
  object space 38400K, 21% used [0x00000000c9000000,0x00000000c9823c98,0x00000000cb580000)
 Metaspace       used 17086K, capacity 17802K, committed 17920K, reserved 1064960K
  class space    used 2095K, capacity 2301K, committed 2304K, reserved 1048576K
}

