<?xml version="1.0" encoding="UTF-8"?>
<!-- Generated by org.testng.reporters.JUnitXMLReporter -->
<testsuite hostname="LAPTOP-2VO12DI7" ignored="0" name="Default test" tests="7" failures="0" timestamp="2021-03-12T00:29:12 CET" time="209.681" errors="0">
  <testcase name="MovieList" time="23.554" classname="testcases.Top250MoviePageTest"/>
  <testcase name="SelectbyIMDBRating" time="26.426" classname="testcases.Top250MoviePageTest"/>
  <testcase name="SelectbyRanking" time="30.198" classname="testcases.Top250MoviePageTest"/>
  <testcase name="SelectbyReleaseDate" time="30.458" classname="testcases.Top250MoviePageTest"/>
  <testcase name="SelectbyNumberofRatings" time="29.431" classname="testcases.Top250MoviePageTest"/>
  <testcase name="SelectbyYourRating" time="29.559" classname="testcases.Top250MoviePageTest"/>
  <testcase name="Clickonlink" time="10.356" classname="testcases.Top250MoviePageTest"/>
</testsuite> <!-- Default test -->
