<?xml version="1.0" encoding="UTF-8"?>
<testng-results skipped="0" failed="0" ignored="0" total="7" passed="7">
  <reporter-output>
  </reporter-output>
  <suite name="Default suite" duration-ms="204438" started-at="2021-03-11T22:05:26 CET" finished-at="2021-03-11T22:08:50 CET">
    <groups>
    </groups>
    <test name="Default test" duration-ms="204438" started-at="2021-03-11T22:05:26 CET" finished-at="2021-03-11T22:08:50 CET">
      <class name="testcases.Top250MoviePageTest">
        <test-method status="PASS" signature="SetUp()[pri:0, instance:testcases.Top250MoviePageTest@7f13d6e]" name="SetUp" is-config="true" duration-ms="23995" started-at="2021-03-11T22:05:26 CET" finished-at="2021-03-11T22:05:50 CET">
          <reporter-output>
          </reporter-output>
        </test-method> <!-- SetUp -->
        <test-method status="PASS" signature="MovieList()[pri:1, instance:testcases.Top250MoviePageTest@7f13d6e]" name="MovieList" duration-ms="35788" started-at="2021-03-11T22:05:50 CET" finished-at="2021-03-11T22:06:26 CET">
          <reporter-output>
          </reporter-output>
        </test-method> <!-- MovieList -->
        <test-method status="PASS" signature="SelectbyIMDBRating()[pri:2, instance:testcases.Top250MoviePageTest@7f13d6e]" name="SelectbyIMDBRating" duration-ms="50023" started-at="2021-03-11T22:06:26 CET" finished-at="2021-03-11T22:07:16 CET">
          <reporter-output>
          </reporter-output>
        </test-method> <!-- SelectbyIMDBRating -->
        <test-method status="PASS" signature="SelectbyRanking()[pri:3, instance:testcases.Top250MoviePageTest@7f13d6e]" name="SelectbyRanking" duration-ms="20457" started-at="2021-03-11T22:07:16 CET" finished-at="2021-03-11T22:07:36 CET">
          <reporter-output>
          </reporter-output>
        </test-method> <!-- SelectbyRanking -->
        <test-method status="PASS" signature="SelectbyReleaseDate()[pri:4, instance:testcases.Top250MoviePageTest@7f13d6e]" name="SelectbyReleaseDate" duration-ms="22059" started-at="2021-03-11T22:07:36 CET" finished-at="2021-03-11T22:07:58 CET">
          <reporter-output>
          </reporter-output>
        </test-method> <!-- SelectbyReleaseDate -->
        <test-method status="PASS" signature="SelectbyNumberofRatings()[pri:5, instance:testcases.Top250MoviePageTest@7f13d6e]" name="SelectbyNumberofRatings" duration-ms="24364" started-at="2021-03-11T22:07:58 CET" finished-at="2021-03-11T22:08:23 CET">
          <reporter-output>
          </reporter-output>
        </test-method> <!-- SelectbyNumberofRatings -->
        <test-method status="PASS" signature="SelectbyYourRating()[pri:6, instance:testcases.Top250MoviePageTest@7f13d6e]" name="SelectbyYourRating" duration-ms="18681" started-at="2021-03-11T22:08:23 CET" finished-at="2021-03-11T22:08:41 CET">
          <reporter-output>
          </reporter-output>
        </test-method> <!-- SelectbyYourRating -->
        <test-method status="PASS" signature="Clickonlink()[pri:7, instance:testcases.Top250MoviePageTest@7f13d6e]" name="Clickonlink" duration-ms="8652" started-at="2021-03-11T22:08:41 CET" finished-at="2021-03-11T22:08:50 CET">
          <reporter-output>
          </reporter-output>
        </test-method> <!-- Clickonlink -->
      </class> <!-- testcases.Top250MoviePageTest -->
    </test> <!-- Default test -->
  </suite> <!-- Default suite -->
</testng-results>
